Using pre-set license
Built from '2020.3/release' branch; Version is '2020.3.34f1 (9a4c9c70452b) revision 10112156'; Using compiler version '192528614'; Build Type 'Release'
OS: 'Windows 10  (10.0.19043) 64bit Core' Language: 'ko' Physical Memory: 16302 MB
BatchMode: 1, IsHumanControllingUs: 0, StartBugReporterOnCrash: 0, Is64bit: 1, IsPro: 0

COMMAND LINE ARGUMENTS:
F:\edu\Unity\2020.3.34f1\Editor\Unity.exe
-adb2
-batchMode
-noUpm
-name
AssetImportWorker0
-projectPath
F:/edu/Project/team/yuhanTeamProject
-logFile
Logs/AssetImportWorker0.log
-srvPort
49705
Successfully changed project path to: F:/edu/Project/team/yuhanTeamProject
F:/edu/Project/team/yuhanTeamProject
Using Asset Import Pipeline V2.
Refreshing native plugins compatible for Editor in 58.09 ms, found 3 plugins.
Preloading 0 native plugins for Editor in 0.00 ms.
Initialize engine version: 2020.3.34f1 (9a4c9c70452b)
[Subsystems] Discovering subsystems at path F:/edu/Unity/2020.3.34f1/Editor/Data/Resources/UnitySubsystems
[Subsystems] Discovering subsystems at path F:/edu/Project/team/yuhanTeamProject/Assets
GfxDevice: creating device client; threaded=0
Direct3D:
    Version:  Direct3D 11.0 [level 11.1]
    Renderer: NVIDIA GeForce RTX 2070 SUPER (ID=0x1e84)
    Vendor:   
    VRAM:     8011 MB
    Driver:   30.0.14.9729
Initialize mono
Mono path[0] = 'F:/edu/Unity/2020.3.34f1/Editor/Data/Managed'
Mono path[1] = 'F:/edu/Unity/2020.3.34f1/Editor/Data/MonoBleedingEdge/lib/mono/unityjit'
Mono config path = 'F:/edu/Unity/2020.3.34f1/Editor/Data/MonoBleedingEdge/etc'
Using monoOptions --debugger-agent=transport=dt_socket,embedding=1,server=y,suspend=n,address=127.0.0.1:56404
Begin MonoManager ReloadAssembly
Registering precompiled unity dll's ...
Register platform support module: F:/edu/Unity/2020.3.34f1/Editor/Data/PlaybackEngines/WebGLSupport/UnityEditor.WebGL.Extensions.dll
Register platform support module: F:/edu/Unity/2020.3.34f1/Editor/Data/PlaybackEngines/WindowsStandaloneSupport/UnityEditor.WindowsStandalone.Extensions.dll
Registered in 0.000973 seconds.
Native extension for WindowsStandalone target not found
Native extension for WebGL target not found
Refreshing native plugins compatible for Editor in 55.80 ms, found 3 plugins.
Preloading 0 native plugins for Editor in 0.00 ms.
Mono: successfully reloaded assembly
- Completed reload, in  0.462 seconds
Domain Reload Profiling:
	ReloadAssembly (462ms)
		BeginReloadAssembly (43ms)
			ExecutionOrderSort (0ms)
			DisableScriptedObjects (0ms)
			BackupInstance (0ms)
			ReleaseScriptingObjects (0ms)
			CreateAndSetChildDomain (1ms)
		EndReloadAssembly (368ms)
			LoadAssemblies (43ms)
			RebuildTransferFunctionScriptingTraits (0ms)
			SetupTypeCache (119ms)
			ReleaseScriptCaches (0ms)
			RebuildScriptCaches (22ms)
			SetupLoadedEditorAssemblies (151ms)
				LogAssemblyErrors (0ms)
				InitializePlatformSupportModulesInManaged (4ms)
				SetLoadedEditorAssemblies (0ms)
				RefreshPlugins (56ms)
				BeforeProcessingInitializeOnLoad (9ms)
				ProcessInitializeOnLoadAttributes (62ms)
				ProcessInitializeOnLoadMethodAttributes (21ms)
				AfterProcessingInitializeOnLoad (0ms)
				EditorAssembliesLoaded (0ms)
			ExecutionOrderSort2 (0ms)
			AwakeInstancesAfterBackupRestoration (0ms)
Platform modules already initialized, skipping
Registering precompiled user dll's ...
Registered in 0.003101 seconds.
Begin MonoManager ReloadAssembly
Native extension for WindowsStandalone target not found
Native extension for WebGL target not found
Refreshing native plugins compatible for Editor in 57.88 ms, found 3 plugins.
Preloading 0 native plugins for Editor in 0.00 ms.
Mono: successfully reloaded assembly
- Completed reload, in  0.933 seconds
Domain Reload Profiling:
	ReloadAssembly (933ms)
		BeginReloadAssembly (109ms)
			ExecutionOrderSort (0ms)
			DisableScriptedObjects (3ms)
			BackupInstance (0ms)
			ReleaseScriptingObjects (0ms)
			CreateAndSetChildDomain (14ms)
		EndReloadAssembly (783ms)
			LoadAssemblies (77ms)
			RebuildTransferFunctionScriptingTraits (0ms)
			SetupTypeCache (269ms)
			ReleaseScriptCaches (0ms)
			RebuildScriptCaches (51ms)
			SetupLoadedEditorAssemblies (302ms)
				LogAssemblyErrors (0ms)
				InitializePlatformSupportModulesInManaged (3ms)
				SetLoadedEditorAssemblies (0ms)
				RefreshPlugins (58ms)
				BeforeProcessingInitializeOnLoad (71ms)
				ProcessInitializeOnLoadAttributes (144ms)
				ProcessInitializeOnLoadMethodAttributes (24ms)
				AfterProcessingInitializeOnLoad (2ms)
				EditorAssembliesLoaded (0ms)
			ExecutionOrderSort2 (0ms)
			AwakeInstancesAfterBackupRestoration (1ms)
Platform modules already initialized, skipping
========================================================================
Worker process is ready to serve import requests
Launched and connected shader compiler UnityShaderCompiler.exe after 0.05 seconds
Refreshing native plugins compatible for Editor in 0.67 ms, found 3 plugins.
Preloading 0 native plugins for Editor in 0.00 ms.
Unloading 3720 Unused Serialized files (Serialized files now loaded: 0)
System memory in use before: 158.0 MB.
System memory in use after: 158.2 MB.

Unloading 31 unused Assets to reduce memory usage. Loaded Objects now: 4156.
Total: 2.530000 ms (FindLiveObjects: 0.207900 ms CreateObjectMapping: 0.155700 ms MarkObjects: 2.113300 ms  DeleteObjects: 0.052400 ms)

AssetImportParameters requested are different than current active one (requested -> active):
  custom:framework-win-MediaFoundation: 216162199b28c13a410421893ffa2e32 -> 
  custom:video-decoder-ogg-theora: a1e56fd34408186e4bbccfd4996cb3dc -> 
  custom:container-muxer-webm: aa71ff27fc2769a1b78a27578f13a17b -> 
  custom:container-demuxer-webm: 4f35f7cbe854078d1ac9338744f61a02 -> 
  custom:container-demuxer-ogg: 62fdf1f143b41e24485cea50d1cbac27 -> 
  custom:video-encoder-webm-vp8: eb34c28f22e8b96e1ab97ce403110664 -> 
  custom:video-decoder-webm-vp8: 9c59270c3fd7afecdb556c50c9e8de78 -> 
  custom:audio-decoder-ogg-vorbis: bf7c407c2cedff20999df2af8eb42d56 -> 
  custom:audio-encoder-webm-vorbis: bf7c407c2cedff20999df2af8eb42d56 -> 
========================================================================
Received Import Request.
  path: Assets/ScriptTemplates
  artifactKey: Guid(8c00361129d75a941a732ef88e326a4f) Importer(815301076,1909f56bfc062723c751e8b465ee728b)
Start importing Assets/ScriptTemplates using Guid(8c00361129d75a941a732ef88e326a4f) Importer(815301076,1909f56bfc062723c751e8b465ee728b)  -> (artifact id: '373e8a7d8760c4e2ddea405b345c06c0') in 0.006855 seconds 
========================================================================
Received Import Request.
  Time since last request: 0.000155 seconds.
  path: Assets/Prefabs
  artifactKey: Guid(5a7fa3afae831fa4fb65e4e4990e5a72) Importer(815301076,1909f56bfc062723c751e8b465ee728b)
Start importing Assets/Prefabs using Guid(5a7fa3afae831fa4fb65e4e4990e5a72) Importer(815301076,1909f56bfc062723c751e8b465ee728b)  -> (artifact id: 'e09fb66b6854b27da22701f189cbc844') in 0.004264 seconds 
========================================================================
Received Import Request.
  Time since last request: 0.000173 seconds.
  path: Assets/Multi
  artifactKey: Guid(401031083cdc28a41ab29b956070c0a9) Importer(815301076,1909f56bfc062723c751e8b465ee728b)
Start importing Assets/Multi using Guid(401031083cdc28a41ab29b956070c0a9) Importer(815301076,1909f56bfc062723c751e8b465ee728b)  -> (artifact id: '7d8e1297a062cf279ba49477f08cb2fa') in 0.003816 seconds 
========================================================================
Received Import Request.
  Time since last request: 0.000136 seconds.
  path: Assets/Render
  artifactKey: Guid(b3ce285e94ba75e45aa7f17a94e00cb2) Importer(815301076,1909f56bfc062723c751e8b465ee728b)
Start importing Assets/Render using Guid(b3ce285e94ba75e45aa7f17a94e00cb2) Importer(815301076,1909f56bfc062723c751e8b465ee728b)  -> (artifact id: '2c821a7a9e038eb0b84515533492f73d') in 0.003432 seconds 
========================================================================
Received Import Request.
  Time since last request: 67.190213 seconds.
  path: Assets/Character/Prefabs
  artifactKey: Guid(322fa1dafbe62d242ad562ef86760cd7) Importer(815301076,1909f56bfc062723c751e8b465ee728b)
Start importing Assets/Character/Prefabs using Guid(322fa1dafbe62d242ad562ef86760cd7) Importer(815301076,1909f56bfc062723c751e8b465ee728b)  -> (artifact id: '255479ac264ba1e5196daf5a9b7f8ea0') in 0.002885 seconds 
========================================================================
Received Import Request.
  Time since last request: 0.102572 seconds.
  path: Assets/Character/Prefabs/Bullet.prefab
  artifactKey: Guid(ce2edb3a55d2d4d4dac6961b8865be83) Importer(815301076,1909f56bfc062723c751e8b465ee728b)
Start importing Assets/Character/Prefabs/Bullet.prefab using Guid(ce2edb3a55d2d4d4dac6961b8865be83) Importer(815301076,1909f56bfc062723c751e8b465ee728b)  -> (artifact id: '5d82dd73c77df422f368a9a4dfe30458') in 0.153899 seconds 
========================================================================
Received Import Request.
  Time since last request: 0.000111 seconds.
  path: Assets/Character/Prefabs/Player.prefab
  artifactKey: Guid(9da123c07e64eef408d9882c510f8fe8) Importer(815301076,1909f56bfc062723c751e8b465ee728b)
Start importing Assets/Character/Prefabs/Player.prefab using Guid(9da123c07e64eef408d9882c510f8fe8) Importer(815301076,1909f56bfc062723c751e8b465ee728b)  -> (artifact id: '82882ead80607a82fce171a5d02359f6') in 0.050123 seconds 
========================================================================
Received Import Request.
  Time since last request: 0.000105 seconds.
  path: Assets/Character/Prefabs/Lobby Player Character.prefab
  artifactKey: Guid(d5683daa63ca76347b518233568be2e2) Importer(815301076,1909f56bfc062723c751e8b465ee728b)
Start importing Assets/Character/Prefabs/Lobby Player Character.prefab using Guid(d5683daa63ca76347b518233568be2e2) Importer(815301076,1909f56bfc062723c751e8b465ee728b)  -> (artifact id: 'f5bab49c909ff9affd37e8e2d247c281') in 0.014932 seconds 
========================================================================
Received Import Request.
  Time since last request: 47.283023 seconds.
  path: Assets/Character/Sprites
  artifactKey: Guid(d11ac9009d0edd446acd33e9538f065f) Importer(815301076,1909f56bfc062723c751e8b465ee728b)
Start importing Assets/Character/Sprites using Guid(d11ac9009d0edd446acd33e9538f065f) Importer(815301076,1909f56bfc062723c751e8b465ee728b)  -> (artifact id: 'f20bf17985530a0ed3eb0ad8e25faebb') in 0.005183 seconds 
========================================================================
Received Import Request.
  Time since last request: 0.055529 seconds.
  path: Assets/Character/Sprites/idle.png
  artifactKey: Guid(4437b063fabb45143906e1dd23cfaf08) Importer(815301076,1909f56bfc062723c751e8b465ee728b)
Start importing Assets/Character/Sprites/idle.png using Guid(4437b063fabb45143906e1dd23cfaf08) Importer(815301076,1909f56bfc062723c751e8b465ee728b)  -> (artifact id: '36c560853504762e87e5c763f66877b0') in 0.059540 seconds 
========================================================================
Received Import Request.
  Time since last request: 2.280703 seconds.
  path: Assets/Character/Sprites/Walk
  artifactKey: Guid(17e4cf423280a4546949270a39eaa41b) Importer(815301076,1909f56bfc062723c751e8b465ee728b)
Start importing Assets/Character/Sprites/Walk using Guid(17e4cf423280a4546949270a39eaa41b) Importer(815301076,1909f56bfc062723c751e8b465ee728b)  -> (artifact id: '4b874452c9fa711bc73c3dbacebffcd7') in 0.003640 seconds 
========================================================================
Received Import Request.
  Time since last request: 0.367125 seconds.
  path: Assets/Character/Sprites/Spawn
  artifactKey: Guid(a4c746e14734f5148b3022df783ce046) Importer(815301076,1909f56bfc062723c751e8b465ee728b)
Start importing Assets/Character/Sprites/Spawn using Guid(a4c746e14734f5148b3022df783ce046) Importer(815301076,1909f56bfc062723c751e8b465ee728b)  -> (artifact id: 'b4f2891241e00c5cfe864e6d6518a7d0') in 0.003511 seconds 
========================================================================
Received Import Request.
  Time since last request: 0.458018 seconds.
  path: Assets/Character/Sprites/Walk/walkcolor0001.png
  artifactKey: Guid(9875687a3a8d3884cac5a0545768a76c) Importer(815301076,1909f56bfc062723c751e8b465ee728b)
Start importing Assets/Character/Sprites/Walk/walkcolor0001.png using Guid(9875687a3a8d3884cac5a0545768a76c) Importer(815301076,1909f56bfc062723c751e8b465ee728b)  -> (artifact id: '71b753263fde4a890bc898076e7db7f7') in 0.013134 seconds 
========================================================================
Received Import Request.
  Time since last request: 0.000122 seconds.
  path: Assets/Character/Sprites/Walk/walkcolor0003.png
  artifactKey: Guid(4d0c2706190fbc544a1210824b0bec4b) Importer(815301076,1909f56bfc062723c751e8b465ee728b)
Start importing Assets/Character/Sprites/Walk/walkcolor0003.png using Guid(4d0c2706190fbc544a1210824b0bec4b) Importer(815301076,1909f56bfc062723c751e8b465ee728b)  -> (artifact id: 'e8677c4fc07d1bff852383b7a145b9f2') in 0.013350 seconds 
========================================================================
Received Import Request.
  Time since last request: 0.000145 seconds.
  path: Assets/Character/Sprites/Walk/walkcolor0006.png
  artifactKey: Guid(4b4437f924c69124bb9bc21ef68876df) Importer(815301076,1909f56bfc062723c751e8b465ee728b)
Start importing Assets/Character/Sprites/Walk/walkcolor0006.png using Guid(4b4437f924c69124bb9bc21ef68876df) Importer(815301076,1909f56bfc062723c751e8b465ee728b)  -> (artifact id: '086c16ab6988c8c1008d07e4e38b57a8') in 0.013444 seconds 
========================================================================
Received Import Request.
  Time since last request: 0.000130 seconds.
  path: Assets/Character/Sprites/Walk/walkcolor0011.png
  artifactKey: Guid(3011b2d8284c2324ead7b699881f66b5) Importer(815301076,1909f56bfc062723c751e8b465ee728b)
Start importing Assets/Character/Sprites/Walk/walkcolor0011.png using Guid(3011b2d8284c2324ead7b699881f66b5) Importer(815301076,1909f56bfc062723c751e8b465ee728b)  -> (artifact id: 'a29b565192ded0b5d72d30f711b40967') in 0.013692 seconds 
========================================================================
Received Import Request.
  Time since last request: 0.000150 seconds.
  path: Assets/Character/Sprites/Walk/walkcolor0012.png
  artifactKey: Guid(e4fb183fae4d8a1488a99e4a4256df70) Importer(815301076,1909f56bfc062723c751e8b465ee728b)
Start importing Assets/Character/Sprites/Walk/walkcolor0012.png using Guid(e4fb183fae4d8a1488a99e4a4256df70) Importer(815301076,1909f56bfc062723c751e8b465ee728b)  -> (artifact id: '77babb2f976f99df2f7dcf326c8e9ee8') in 0.013621 seconds 
========================================================================
Received Import Request.
  Time since last request: 0.000155 seconds.
  path: Assets/Character/Sprites/Walk/walkcolor0005.png
  artifactKey: Guid(6fd13c9ab867fea489496b4563d33fa7) Importer(815301076,1909f56bfc062723c751e8b465ee728b)
Start importing Assets/Character/Sprites/Walk/walkcolor0005.png using Guid(6fd13c9ab867fea489496b4563d33fa7) Importer(815301076,1909f56bfc062723c751e8b465ee728b)  -> (artifact id: 'ce0519bc49415842925eba434cec87bd') in 0.012463 seconds 
========================================================================
Received Import Request.
  Time since last request: 0.000112 seconds.
  path: Assets/Character/Sprites/Walk/walkcolor0004.png
  artifactKey: Guid(7b9fe3edccee9ca4fafa60a50a28a110) Importer(815301076,1909f56bfc062723c751e8b465ee728b)
Start importing Assets/Character/Sprites/Walk/walkcolor0004.png using Guid(7b9fe3edccee9ca4fafa60a50a28a110) Importer(815301076,1909f56bfc062723c751e8b465ee728b)  -> (artifact id: '5bbb786b1258b5e9ada0d9ceff1ee99b') in 0.013945 seconds 
========================================================================
Received Import Request.
  Time since last request: 0.000117 seconds.
  path: Assets/Character/Sprites/Walk/walkcolor0002.png
  artifactKey: Guid(549993b495066c1439c14bbd2016ba32) Importer(815301076,1909f56bfc062723c751e8b465ee728b)
Start importing Assets/Character/Sprites/Walk/walkcolor0002.png using Guid(549993b495066c1439c14bbd2016ba32) Importer(815301076,1909f56bfc062723c751e8b465ee728b)  -> (artifact id: '71e9e720bc5efc4b9db3ba17e72bd8c8') in 0.014111 seconds 
========================================================================
Received Import Request.
  Time since last request: 0.000105 seconds.
  path: Assets/Character/Sprites/Walk/walkcolor0008.png
  artifactKey: Guid(917471a265400104582a0c95fbe3aa15) Importer(815301076,1909f56bfc062723c751e8b465ee728b)
Start importing Assets/Character/Sprites/Walk/walkcolor0008.png using Guid(917471a265400104582a0c95fbe3aa15) Importer(815301076,1909f56bfc062723c751e8b465ee728b)  -> (artifact id: 'c7c7d6e2fa1301302d68e1b67107cd80') in 0.013108 seconds 
========================================================================
Received Import Request.
  Time since last request: 0.000104 seconds.
  path: Assets/Character/Sprites/Walk/walkcolor0010.png
  artifactKey: Guid(a6d31d0e779d1a343a54ccb037962841) Importer(815301076,1909f56bfc062723c751e8b465ee728b)
Start importing Assets/Character/Sprites/Walk/walkcolor0010.png using Guid(a6d31d0e779d1a343a54ccb037962841) Importer(815301076,1909f56bfc062723c751e8b465ee728b)  -> (artifact id: 'c633d3c58e7e0c9afe761be08920029d') in 0.014106 seconds 
========================================================================
Received Import Request.
  Time since last request: 0.000128 seconds.
  path: Assets/Character/Sprites/Walk/walkcolor0007.png
  artifactKey: Guid(d28765e666584864187c1bff115546dd) Importer(815301076,1909f56bfc062723c751e8b465ee728b)
Start importing Assets/Character/Sprites/Walk/walkcolor0007.png using Guid(d28765e666584864187c1bff115546dd) Importer(815301076,1909f56bfc062723c751e8b465ee728b)  -> (artifact id: 'dc4a0b7225a141dfb5a71c5b0716c6bb') in 0.013235 seconds 
========================================================================
Received Import Request.
  Time since last request: 0.000117 seconds.
  path: Assets/Character/Sprites/Walk/walkcolor0009.png
  artifactKey: Guid(2c1989e9a99b9424692cc0f92074702c) Importer(815301076,1909f56bfc062723c751e8b465ee728b)
Start importing Assets/Character/Sprites/Walk/walkcolor0009.png using Guid(2c1989e9a99b9424692cc0f92074702c) Importer(815301076,1909f56bfc062723c751e8b465ee728b)  -> (artifact id: '48d320e690faddc2a7f85885898e1323') in 0.013357 seconds 
========================================================================
Received Import Request.
  Time since last request: 2.509183 seconds.
  path: Assets/Character/Sprites/Spawn/spawn0001.png
  artifactKey: Guid(d9882233adcdf3f4e84d16b69328f48f) Importer(815301076,1909f56bfc062723c751e8b465ee728b)
Start importing Assets/Character/Sprites/Spawn/spawn0001.png using Guid(d9882233adcdf3f4e84d16b69328f48f) Importer(815301076,1909f56bfc062723c751e8b465ee728b)  -> (artifact id: '04ba320239c360873d2cb244f29ffcd7') in 0.014849 seconds 
========================================================================
Received Import Request.
  Time since last request: 0.000139 seconds.
  path: Assets/Character/Sprites/Spawn/spawn0022.png
  artifactKey: Guid(8d2f5995171c2ad47ba7da9072e825dc) Importer(815301076,1909f56bfc062723c751e8b465ee728b)
Start importing Assets/Character/Sprites/Spawn/spawn0022.png using Guid(8d2f5995171c2ad47ba7da9072e825dc) Importer(815301076,1909f56bfc062723c751e8b465ee728b)  -> (artifact id: 'e13bf24c9c083a1acb4831953ae8e9eb') in 0.017756 seconds 
========================================================================
Received Import Request.
  Time since last request: 0.000103 seconds.
  path: Assets/Character/Sprites/Spawn/spawn0003.png
  artifactKey: Guid(ddd7ff8e6475bca40b457a1f1f8a4620) Importer(815301076,1909f56bfc062723c751e8b465ee728b)
Start importing Assets/Character/Sprites/Spawn/spawn0003.png using Guid(ddd7ff8e6475bca40b457a1f1f8a4620) Importer(815301076,1909f56bfc062723c751e8b465ee728b)  -> (artifact id: 'afc23de40894186ef2ebd69567c45141') in 0.015700 seconds 
========================================================================
Received Import Request.
  Time since last request: 0.000113 seconds.
  path: Assets/Character/Sprites/Spawn/spawn0037.png
  artifactKey: Guid(8b6218f01a5a49c46b841f42e4c3a1fe) Importer(815301076,1909f56bfc062723c751e8b465ee728b)
Start importing Assets/Character/Sprites/Spawn/spawn0037.png using Guid(8b6218f01a5a49c46b841f42e4c3a1fe) Importer(815301076,1909f56bfc062723c751e8b465ee728b)  -> (artifact id: '9ca0158178633b58e52e2dc434ee07da') in 0.016630 seconds 
========================================================================
Received Import Request.
  Time since last request: 0.000106 seconds.
  path: Assets/Character/Sprites/Spawn/spawn0006.png
  artifactKey: Guid(fa226e888e3047b4cbfe64537abfd035) Importer(815301076,1909f56bfc062723c751e8b465ee728b)
Start importing Assets/Character/Sprites/Spawn/spawn0006.png using Guid(fa226e888e3047b4cbfe64537abfd035) Importer(815301076,1909f56bfc062723c751e8b465ee728b)  -> (artifact id: '3e153bd66e8e6f1e81b3e64cc89caef4') in 0.018143 seconds 
========================================================================
Received Import Request.
  Time since last request: 0.000141 seconds.
  path: Assets/Character/Sprites/Spawn/spawn0049.png
  artifactKey: Guid(c8266ab06941bca4496204e764e3ce24) Importer(815301076,1909f56bfc062723c751e8b465ee728b)
Start importing Assets/Character/Sprites/Spawn/spawn0049.png using Guid(c8266ab06941bca4496204e764e3ce24) Importer(815301076,1909f56bfc062723c751e8b465ee728b)  -> (artifact id: 'ae817e6f84e4944f73ed403ea53c160e') in 0.015297 seconds 
========================================================================
Received Import Request.
  Time since last request: 0.000135 seconds.
  path: Assets/Character/Sprites/Spawn/spawn0046.png
  artifactKey: Guid(f47dd19cb6688024f9df16477bff266c) Importer(815301076,1909f56bfc062723c751e8b465ee728b)
Start importing Assets/Character/Sprites/Spawn/spawn0046.png using Guid(f47dd19cb6688024f9df16477bff266c) Importer(815301076,1909f56bfc062723c751e8b465ee728b)  -> (artifact id: 'bc529d2bae15475ecc43a89c8522dc63') in 0.019748 seconds 
========================================================================
Received Import Request.
  Time since last request: 0.000107 seconds.
  path: Assets/Character/Sprites/Spawn/spawn0052.png
  artifactKey: Guid(3806c5e0f3ea5f64fbf0cf8abc903236) Importer(815301076,1909f56bfc062723c751e8b465ee728b)
Start importing Assets/Character/Sprites/Spawn/spawn0052.png using Guid(3806c5e0f3ea5f64fbf0cf8abc903236) Importer(815301076,1909f56bfc062723c751e8b465ee728b)  -> (artifact id: '10d14bc142fa17ab06ab4215b2308c01') in 0.022500 seconds 
========================================================================
Received Import Request.
  Time since last request: 0.000112 seconds.
  path: Assets/Character/Sprites/Spawn/spawn0041.png
  artifactKey: Guid(6757e99b115f4d1409fab80e893ad048) Importer(815301076,1909f56bfc062723c751e8b465ee728b)
Start importing Assets/Character/Sprites/Spawn/spawn0041.png using Guid(6757e99b115f4d1409fab80e893ad048) Importer(815301076,1909f56bfc062723c751e8b465ee728b)  -> (artifact id: '77fac7d8f0f55ded30f84e73c5ec0192') in 0.017754 seconds 
========================================================================
Received Import Request.
  Time since last request: 0.000114 seconds.
  path: Assets/Character/Sprites/Spawn/spawn0043.png
  artifactKey: Guid(ba87aa029fa26b141b49c2a4ffcecc71) Importer(815301076,1909f56bfc062723c751e8b465ee728b)
Start importing Assets/Character/Sprites/Spawn/spawn0043.png using Guid(ba87aa029fa26b141b49c2a4ffcecc71) Importer(815301076,1909f56bfc062723c751e8b465ee728b)  -> (artifact id: '4b0bfe29ba3fbcb3006e516d886cdaf0') in 0.020829 seconds 
========================================================================
Received Import Request.
  Time since last request: 0.000134 seconds.
  path: Assets/Character/Sprites/Spawn/spawn0039.png
  artifactKey: Guid(2fbe1cd75fa6fd64ca361c561e6ad611) Importer(815301076,1909f56bfc062723c751e8b465ee728b)
Start importing Assets/Character/Sprites/Spawn/spawn0039.png using Guid(2fbe1cd75fa6fd64ca361c561e6ad611) Importer(815301076,1909f56bfc062723c751e8b465ee728b)  -> (artifact id: '0598c7c7b9442a8b6ac257f2a61f3082') in 0.019860 seconds 
========================================================================
Received Import Request.
  Time since last request: 0.000104 seconds.
  path: Assets/Character/Sprites/Spawn/spawn0033.png
  artifactKey: Guid(e0f42a5f13994ac40992c1926eab5379) Importer(815301076,1909f56bfc062723c751e8b465ee728b)
Start importing Assets/Character/Sprites/Spawn/spawn0033.png using Guid(e0f42a5f13994ac40992c1926eab5379) Importer(815301076,1909f56bfc062723c751e8b465ee728b)  -> (artifact id: 'b219a04000ceccb89e26a179a7ec6521') in 0.019953 seconds 
========================================================================
Received Import Request.
  Time since last request: 0.000111 seconds.
  path: Assets/Character/Sprites/Spawn/spawn0051.png
  artifactKey: Guid(fa2030a13bbefaa499a4d4d29bd89eb9) Importer(815301076,1909f56bfc062723c751e8b465ee728b)
Start importing Assets/Character/Sprites/Spawn/spawn0051.png using Guid(fa2030a13bbefaa499a4d4d29bd89eb9) Importer(815301076,1909f56bfc062723c751e8b465ee728b)  -> (artifact id: '01e739e7ebed1bc4818a0d0b15fc7118') in 0.018299 seconds 
========================================================================
Received Import Request.
  Time since last request: 0.000110 seconds.
  path: Assets/Character/Sprites/Spawn/spawn0048.png
  artifactKey: Guid(37cb8b96a38f1f34b97645658136b118) Importer(815301076,1909f56bfc062723c751e8b465ee728b)
Start importing Assets/Character/Sprites/Spawn/spawn0048.png using Guid(37cb8b96a38f1f34b97645658136b118) Importer(815301076,1909f56bfc062723c751e8b465ee728b)  -> (artifact id: '8492801bb804ad0c2ecfac61a1018060') in 0.018438 seconds 
========================================================================
Received Import Request.
  Time since last request: 66.294724 seconds.
  path: Assets/Character/Sprites/여러방향 캐릭터.png
  artifactKey: Guid(95628efb8bdb5d24598074ad0a58ab08) Importer(815301076,1909f56bfc062723c751e8b465ee728b)
Start importing Assets/Character/Sprites/여러방향 캐릭터.png using Guid(95628efb8bdb5d24598074ad0a58ab08) Importer(815301076,1909f56bfc062723c751e8b465ee728b)  -> (artifact id: '6167e3cc3742a46c9755364613c927dd') in 0.011684 seconds 
========================================================================
Received Import Request.
  Time since last request: 24.332912 seconds.
  path: Assets/Character/Sprites/Character(temp).png
  artifactKey: Guid(95628efb8bdb5d24598074ad0a58ab08) Importer(815301076,1909f56bfc062723c751e8b465ee728b)
Start importing Assets/Character/Sprites/Character(temp).png using Guid(95628efb8bdb5d24598074ad0a58ab08) Importer(815301076,1909f56bfc062723c751e8b465ee728b)  -> (artifact id: 'f90bfd8a09d511aec9b9467194435271') in 0.011976 seconds 
========================================================================
Received Import Request.
  Time since last request: 6.001113 seconds.
  path: Assets/Character/Sprites/Character(temp).png
  artifactKey: Guid(95628efb8bdb5d24598074ad0a58ab08) Importer(815301076,1909f56bfc062723c751e8b465ee728b)
Start importing Assets/Character/Sprites/Character(temp).png using Guid(95628efb8bdb5d24598074ad0a58ab08) Importer(815301076,1909f56bfc062723c751e8b465ee728b)  -> (artifact id: '1056880276dbb80b700e4d06f1f6d5e3') in 0.009463 seconds 
========================================================================
Received Import Request.
  Time since last request: 17.583875 seconds.
  path: Assets/Character/Sprites/Character(temp).png
  artifactKey: Guid(95628efb8bdb5d24598074ad0a58ab08) Importer(815301076,1909f56bfc062723c751e8b465ee728b)
Start importing Assets/Character/Sprites/Character(temp).png using Guid(95628efb8bdb5d24598074ad0a58ab08) Importer(815301076,1909f56bfc062723c751e8b465ee728b)  -> (artifact id: '3abf842e85686b58d23941e74f43781a') in 0.058112 seconds 
========================================================================
Received Import Request.
  Time since last request: 21.957942 seconds.
  path: Assets/Map/Common/sprite_box.png
  artifactKey: Guid(2d59df7013134074098604a6d1f403dd) Importer(815301076,1909f56bfc062723c751e8b465ee728b)
Start importing Assets/Map/Common/sprite_box.png using Guid(2d59df7013134074098604a6d1f403dd) Importer(815301076,1909f56bfc062723c751e8b465ee728b)  -> (artifact id: 'b5b831538202931c20cbd77c741b9e75') in 0.013933 seconds 
========================================================================
Received Import Request.
  Time since last request: 0.592865 seconds.
  path: Assets/Map/Common/sprite_laptop.png
  artifactKey: Guid(6f032f7b297eb4f46922b83ff4c75e72) Importer(815301076,1909f56bfc062723c751e8b465ee728b)
Start importing Assets/Map/Common/sprite_laptop.png using Guid(6f032f7b297eb4f46922b83ff4c75e72) Importer(815301076,1909f56bfc062723c751e8b465ee728b)  -> (artifact id: '73075a0bcff0ae4513c69d5e4b5dcbd3') in 0.016004 seconds 
========================================================================
Received Import Request.
  Time since last request: 0.001321 seconds.
  path: Assets/Map/Common/sprite_ship.png
  artifactKey: Guid(91028abc8a3429843bef2f8ca356e78a) Importer(815301076,1909f56bfc062723c751e8b465ee728b)
Start importing Assets/Map/Common/sprite_ship.png using Guid(91028abc8a3429843bef2f8ca356e78a) Importer(815301076,1909f56bfc062723c751e8b465ee728b)  -> (artifact id: 'e5c23eec017ae0566e5a570af43239c2') in 0.024696 seconds 
========================================================================
Received Import Request.
  Time since last request: 17.525380 seconds.
  path: Assets/Character/Prefabs/Lobby Player Character.prefab
  artifactKey: Guid(d5683daa63ca76347b518233568be2e2) Importer(815301076,1909f56bfc062723c751e8b465ee728b)
Start importing Assets/Character/Prefabs/Lobby Player Character.prefab using Guid(d5683daa63ca76347b518233568be2e2) Importer(815301076,1909f56bfc062723c751e8b465ee728b)  -> (artifact id: 'b1a103a47b8691fd185029cea49fe01c') in 0.009503 seconds 
========================================================================
Received Import Request.
  Time since last request: 21.855026 seconds.
  path: Assets/Animation
  artifactKey: Guid(0d1b2c84525e9dc41ba85abc1d119ffd) Importer(815301076,1909f56bfc062723c751e8b465ee728b)
Start importing Assets/Animation using Guid(0d1b2c84525e9dc41ba85abc1d119ffd) Importer(815301076,1909f56bfc062723c751e8b465ee728b)  -> (artifact id: '377df38c1e93b69966edd925d609a829') in 0.003631 seconds 
========================================================================
Received Import Request.
  Time since last request: 1.049892 seconds.
  path: Assets/Animation/Player_Down_Idle.anim
  artifactKey: Guid(f302512dd612c1a42962222b6c4ef4c1) Importer(815301076,1909f56bfc062723c751e8b465ee728b)
Start importing Assets/Animation/Player_Down_Idle.anim using Guid(f302512dd612c1a42962222b6c4ef4c1) Importer(815301076,1909f56bfc062723c751e8b465ee728b)  -> (artifact id: '082319d30fe505546c8482854020f3af') in 0.005011 seconds 
========================================================================
Received Import Request.
  Time since last request: 0.499428 seconds.
  path: Assets/Animation/Player_Up_Walk.anim
  artifactKey: Guid(95ab254566074374e8d8c8e01c66e5a6) Importer(815301076,1909f56bfc062723c751e8b465ee728b)
Start importing Assets/Animation/Player_Up_Walk.anim using Guid(95ab254566074374e8d8c8e01c66e5a6) Importer(815301076,1909f56bfc062723c751e8b465ee728b)  -> (artifact id: '179e12068fa6b3dc90370ae6cbde340f') in 0.004460 seconds 
========================================================================
Received Import Request.
  Time since last request: 1.686718 seconds.
  path: Assets/Animation/Player 1.controller
  artifactKey: Guid(33f0fa087c77d9b4aa9e197ff5df1035) Importer(815301076,1909f56bfc062723c751e8b465ee728b)
Start importing Assets/Animation/Player 1.controller using Guid(33f0fa087c77d9b4aa9e197ff5df1035) Importer(815301076,1909f56bfc062723c751e8b465ee728b)  -> (artifact id: '670c04963c377c41ddd6e002748e17da') in 0.006793 seconds 
========================================================================
Received Prepare
Refreshing native plugins compatible for Editor in 3.10 ms, found 3 plugins.
Preloading 0 native plugins for Editor in 0.00 ms.
Unloading 19 Unused Serialized files (Serialized files now loaded: 0)
System memory in use before: 84.9 MB.
System memory in use after: 85.1 MB.

Unloading 18 unused Assets to reduce memory usage. Loaded Objects now: 4279.
Total: 3.578800 ms (FindLiveObjects: 0.248500 ms CreateObjectMapping: 0.169400 ms MarkObjects: 3.149100 ms  DeleteObjects: 0.011500 ms)

AssetImportParameters requested are different than current active one (requested -> active):
  custom:framework-win-MediaFoundation: 216162199b28c13a410421893ffa2e32 -> 
  custom:video-decoder-ogg-theora: a1e56fd34408186e4bbccfd4996cb3dc -> 
  custom:container-muxer-webm: aa71ff27fc2769a1b78a27578f13a17b -> 
  custom:container-demuxer-webm: 4f35f7cbe854078d1ac9338744f61a02 -> 
  custom:container-demuxer-ogg: 62fdf1f143b41e24485cea50d1cbac27 -> 
  custom:video-encoder-webm-vp8: eb34c28f22e8b96e1ab97ce403110664 -> 
  custom:video-decoder-webm-vp8: 9c59270c3fd7afecdb556c50c9e8de78 -> 
  custom:audio-decoder-ogg-vorbis: bf7c407c2cedff20999df2af8eb42d56 -> 
  custom:audio-encoder-webm-vorbis: bf7c407c2cedff20999df2af8eb42d56 -> 
========================================================================
Received Prepare
Refreshing native plugins compatible for Editor in 2.99 ms, found 3 plugins.
Preloading 0 native plugins for Editor in 0.00 ms.
Unloading 19 Unused Serialized files (Serialized files now loaded: 0)
System memory in use before: 84.9 MB.
System memory in use after: 85.1 MB.

Unloading 18 unused Assets to reduce memory usage. Loaded Objects now: 4279.
Total: 3.504000 ms (FindLiveObjects: 0.245900 ms CreateObjectMapping: 0.167900 ms MarkObjects: 3.075300 ms  DeleteObjects: 0.014200 ms)

AssetImportParameters requested are different than current active one (requested -> active):
  custom:framework-win-MediaFoundation: 216162199b28c13a410421893ffa2e32 -> 
  custom:video-decoder-ogg-theora: a1e56fd34408186e4bbccfd4996cb3dc -> 
  custom:container-muxer-webm: aa71ff27fc2769a1b78a27578f13a17b -> 
  custom:container-demuxer-webm: 4f35f7cbe854078d1ac9338744f61a02 -> 
  custom:container-demuxer-ogg: 62fdf1f143b41e24485cea50d1cbac27 -> 
  custom:video-encoder-webm-vp8: eb34c28f22e8b96e1ab97ce403110664 -> 
  custom:video-decoder-webm-vp8: 9c59270c3fd7afecdb556c50c9e8de78 -> 
  custom:audio-decoder-ogg-vorbis: bf7c407c2cedff20999df2af8eb42d56 -> 
  custom:audio-encoder-webm-vorbis: bf7c407c2cedff20999df2af8eb42d56 -> 
========================================================================
Received Prepare
Refreshing native plugins compatible for Editor in 2.93 ms, found 3 plugins.
Preloading 0 native plugins for Editor in 0.00 ms.
Unloading 19 Unused Serialized files (Serialized files now loaded: 0)
System memory in use before: 84.9 MB.
System memory in use after: 85.1 MB.

Unloading 18 unused Assets to reduce memory usage. Loaded Objects now: 4279.
Total: 3.270400 ms (FindLiveObjects: 0.228500 ms CreateObjectMapping: 0.171000 ms MarkObjects: 2.856900 ms  DeleteObjects: 0.013200 ms)

AssetImportParameters requested are different than current active one (requested -> active):
  custom:framework-win-MediaFoundation: 216162199b28c13a410421893ffa2e32 -> 
  custom:video-decoder-ogg-theora: a1e56fd34408186e4bbccfd4996cb3dc -> 
  custom:container-muxer-webm: aa71ff27fc2769a1b78a27578f13a17b -> 
  custom:container-demuxer-webm: 4f35f7cbe854078d1ac9338744f61a02 -> 
  custom:container-demuxer-ogg: 62fdf1f143b41e24485cea50d1cbac27 -> 
  custom:video-encoder-webm-vp8: eb34c28f22e8b96e1ab97ce403110664 -> 
  custom:video-decoder-webm-vp8: 9c59270c3fd7afecdb556c50c9e8de78 -> 
  custom:audio-decoder-ogg-vorbis: bf7c407c2cedff20999df2af8eb42d56 -> 
  custom:audio-encoder-webm-vorbis: bf7c407c2cedff20999df2af8eb42d56 -> 
========================================================================
Received Prepare
Refreshing native plugins compatible for Editor in 2.89 ms, found 3 plugins.
Preloading 0 native plugins for Editor in 0.00 ms.
Unloading 19 Unused Serialized files (Serialized files now loaded: 0)
System memory in use before: 84.9 MB.
System memory in use after: 85.1 MB.

Unloading 18 unused Assets to reduce memory usage. Loaded Objects now: 4279.
Total: 3.161100 ms (FindLiveObjects: 0.221000 ms CreateObjectMapping: 0.164200 ms MarkObjects: 2.763200 ms  DeleteObjects: 0.012200 ms)

AssetImportParameters requested are different than current active one (requested -> active):
  custom:framework-win-MediaFoundation: 216162199b28c13a410421893ffa2e32 -> 
  custom:video-decoder-ogg-theora: a1e56fd34408186e4bbccfd4996cb3dc -> 
  custom:container-muxer-webm: aa71ff27fc2769a1b78a27578f13a17b -> 
  custom:container-demuxer-webm: 4f35f7cbe854078d1ac9338744f61a02 -> 
  custom:container-demuxer-ogg: 62fdf1f143b41e24485cea50d1cbac27 -> 
  custom:video-encoder-webm-vp8: eb34c28f22e8b96e1ab97ce403110664 -> 
  custom:video-decoder-webm-vp8: 9c59270c3fd7afecdb556c50c9e8de78 -> 
  custom:audio-decoder-ogg-vorbis: bf7c407c2cedff20999df2af8eb42d56 -> 
  custom:audio-encoder-webm-vorbis: bf7c407c2cedff20999df2af8eb42d56 -> 
========================================================================
Received Import Request.
  Time since last request: 516.311670 seconds.
  path: Assets/Scenes/MainMenuScene.unity
  artifactKey: Guid(2cda990e2423bbf4892e6590ba056729) Importer(815301076,1909f56bfc062723c751e8b465ee728b)
Start importing Assets/Scenes/MainMenuScene.unity using Guid(2cda990e2423bbf4892e6590ba056729) Importer(815301076,1909f56bfc062723c751e8b465ee728b)  -> (artifact id: 'efeff052b9e183c08bf317202d6e81e7') in 0.004319 seconds 
AssetImportWorkerClient::OnTransportError - code=2 error=End of file
